<?xml version="1.0" encoding="UTF-8"?>
<!-- Generated by org.testng.reporters.JUnitReportReporter -->
<testsuite skipped="2" hostname="Dell-PC" name="tests.TestVehicleFeatures" tests="6" failures="0" timestamp="26 Dec 2018 18:45:54 GMT" time="53.816" errors="0">
  <testcase name="c_InactivateVehicle" time="15.896" classname="tests.TestVehicleFeatures"/>
  <testcase name="d_ActivateVehicle" time="16.730" classname="tests.TestVehicleFeatures"/>
  <testcase name="d_DeleteVehicle" time="11.193" classname="tests.TestVehicleFeatures"/>
  <testcase name="f_DeleteDevice" time="9.997" classname="tests.TestVehicleFeatures"/>
  <testcase name="b_EditVehicle" classname="tests.TestVehicleFeatures">
    <skipped/>
  </testcase> <!-- b_EditVehicle -->
  <testcase name="a_AddVehicle" classname="tests.TestVehicleFeatures">
    <skipped/>
  </testcase> <!-- a_AddVehicle -->
</testsuite> <!-- tests.TestVehicleFeatures -->
