<?xml version="1.0" encoding="UTF-8"?>
<!-- Generated by org.testng.reporters.JUnitReportReporter -->
<testsuite skipped="1" hostname="Dell-PC" name="tests.TestScheduleFeatures" tests="14" failures="0" timestamp="15 Jan 2019 06:21:41 GMT" time="13.907" errors="0">
  <testcase name="b_MapVehicles" time="0.492" classname="tests.TestScheduleFeatures"/>
  <testcase name="b_MapVehicles" time="0.804" classname="tests.TestScheduleFeatures"/>
  <testcase name="b_MapVehicles" time="0.615" classname="tests.TestScheduleFeatures"/>
  <testcase name="b_MapVehicles" time="0.555" classname="tests.TestScheduleFeatures"/>
  <testcase name="b_MapVehicles" time="0.577" classname="tests.TestScheduleFeatures"/>
  <testcase name="b_MapVehicles" time="0.576" classname="tests.TestScheduleFeatures"/>
  <testcase name="b_MapVehicles" time="0.567" classname="tests.TestScheduleFeatures"/>
  <testcase name="b_MapVehicles" time="0.752" classname="tests.TestScheduleFeatures"/>
  <testcase name="b_MapVehicles" time="0.566" classname="tests.TestScheduleFeatures"/>
  <testcase name="b_MapVehicles" time="1.667" classname="tests.TestScheduleFeatures"/>
  <testcase name="b_MapVehicles" time="0.550" classname="tests.TestScheduleFeatures"/>
  <testcase name="b_MapVehicles" time="2.318" classname="tests.TestScheduleFeatures"/>
  <testcase name="b_MapVehicles" time="3.868" classname="tests.TestScheduleFeatures"/>
  <testcase name="a_CreateSchedule" classname="tests.TestScheduleFeatures">
    <skipped/>
  </testcase> <!-- a_CreateSchedule -->
</testsuite> <!-- tests.TestScheduleFeatures -->
