<?xml version="1.0" encoding="UTF-8"?>
<!-- Generated by org.testng.reporters.JUnitReportReporter -->
<testsuite skipped="2" hostname="Dell-PC" name="tests.TestStopFeatures" tests="5" failures="0" timestamp="02 Jan 2019 07:48:13 GMT" time="51.555" errors="0">
  <testcase name="c_InactivateStop" time="15.392" classname="tests.TestStopFeatures"/>
  <testcase name="d_ActivateStop" time="21.658" classname="tests.TestStopFeatures"/>
  <testcase name="e_DeleteStop" time="14.505" classname="tests.TestStopFeatures"/>
  <testcase name="a_AddStop" classname="tests.TestStopFeatures">
    <skipped/>
  </testcase> <!-- a_AddStop -->
  <testcase name="b_EditStop" classname="tests.TestStopFeatures">
    <skipped/>
  </testcase> <!-- b_EditStop -->
</testsuite> <!-- tests.TestStopFeatures -->
