<?xml version="1.0" encoding="UTF-8"?>
<!-- Generated by org.testng.reporters.JUnitReportReporter -->
<testsuite skipped="3" hostname="Dell-PC" name="tests.TestStudentFeatures" tests="6" failures="0" timestamp="24 Dec 2018 18:28:49 GMT" time="74.597" errors="0">
  <testcase name="d_InactivateStudent" time="32.195" classname="tests.TestStudentFeatures"/>
  <testcase name="e_ActivateStudent" time="21.925" classname="tests.TestStudentFeatures"/>
  <testcase name="f_DeleteStudent" time="20.477" classname="tests.TestStudentFeatures"/>
  <testcase name="c_EditStudent" classname="tests.TestStudentFeatures">
    <skipped/>
  </testcase> <!-- c_EditStudent -->
  <testcase name="b_AddStudent" classname="tests.TestStudentFeatures">
    <skipped/>
  </testcase> <!-- b_AddStudent -->
  <testcase name="a_AddParent" classname="tests.TestStudentFeatures">
    <skipped/>
  </testcase> <!-- a_AddParent -->
</testsuite> <!-- tests.TestStudentFeatures -->
