<?xml version="1.0" encoding="UTF-8"?>
<!-- Generated by org.testng.reporters.JUnitReportReporter -->
<testsuite skipped="1" hostname="Dell-PC" name="tests.TestNotificationFeature" tests="5" failures="0" timestamp="16 Jan 2019 11:55:40 GMT" time="169.393" errors="0">
  <testcase name="b_EditNotification" time="61.746" classname="tests.TestNotificationFeature"/>
  <testcase name="c_InactivateNotification" time="35.486" classname="tests.TestNotificationFeature"/>
  <testcase name="d_ActivateNotification" time="7.557" classname="tests.TestNotificationFeature"/>
  <testcase name="f_DeleteNotificationInUse" time="64.604" classname="tests.TestNotificationFeature"/>
  <testcase name="a_AddNotification" classname="tests.TestNotificationFeature">
    <skipped/>
  </testcase> <!-- a_AddNotification -->
</testsuite> <!-- tests.TestNotificationFeature -->
