<?xml version="1.0" encoding="UTF-8"?>
<!-- Generated by org.testng.reporters.JUnitReportReporter -->
<testsuite skipped="1" hostname="Dell-PC" name="tests.TestUserStopMapping" tests="3" failures="0" timestamp="12 Jan 2019 01:36:39 GMT" time="57.740" errors="0">
  <testcase name="b_UserStopUnMapping" time="36.707" classname="tests.TestUserStopMapping"/>
  <testcase name="b_UserStopUnMapping" time="21.033" classname="tests.TestUserStopMapping"/>
  <testcase name="a_UserStopMapping" classname="tests.TestUserStopMapping">
    <skipped/>
  </testcase> <!-- a_UserStopMapping -->
</testsuite> <!-- tests.TestUserStopMapping -->
