<?xml version="1.0" encoding="UTF-8"?>
<!-- Generated by org.testng.reporters.JUnitReportReporter -->
<testsuite skipped="3" hostname="Dell-PC" name="tests.TestRouteFeatures" tests="6" failures="1" timestamp="13 Jan 2019 07:08:58 GMT" time="19.826" errors="0">
  <testcase name="d_InactivateRoute" time="9.712" classname="tests.TestRouteFeatures">
    <failure type="org.junit.ComparisonFailure" message="expected:&lt;[Ina]ctive&gt; but was:&lt;[A]ctive&gt;">
      <![CDATA[org.junit.ComparisonFailure: expected:<[Ina]ctive> but was:<[A]ctive>
at org.junit.Assert.assertEquals(Assert.java:115)
at org.junit.Assert.assertEquals(Assert.java:144)
at utility.GridReader.verifyStatusinGrid(GridReader.java:275)
at tests.TestRouteFeatures.d_InactivateRoute(TestRouteFeatures.java:223)
at sun.reflect.NativeMethodAccessorImpl.invoke0(Native Method)
at sun.reflect.NativeMethodAccessorImpl.invoke(Unknown Source)
at sun.reflect.DelegatingMethodAccessorImpl.invoke(Unknown Source)
at java.lang.reflect.Method.invoke(Unknown Source)
at org.testng.internal.MethodInvocationHelper.invokeMethod(MethodInvocationHelper.java:124)
at org.testng.internal.Invoker.invokeMethod(Invoker.java:580)
at org.testng.internal.Invoker.invokeTestMethod(Invoker.java:716)
at org.testng.internal.Invoker.invokeTestMethods(Invoker.java:988)
at org.testng.internal.TestMethodWorker.invokeTestMethods(TestMethodWorker.java:125)
at org.testng.internal.TestMethodWorker.run(TestMethodWorker.java:109)
at org.testng.TestRunner.privateRun(TestRunner.java:648)
at org.testng.TestRunner.run(TestRunner.java:505)
at org.testng.SuiteRunner.runTest(SuiteRunner.java:455)
at org.testng.SuiteRunner.runSequentially(SuiteRunner.java:450)
at org.testng.SuiteRunner.privateRun(SuiteRunner.java:415)
at org.testng.SuiteRunner.run(SuiteRunner.java:364)
at org.testng.SuiteRunnerWorker.runSuite(SuiteRunnerWorker.java:52)
at org.testng.SuiteRunnerWorker.run(SuiteRunnerWorker.java:84)
at org.testng.TestNG.runSuitesSequentially(TestNG.java:1208)
at org.testng.TestNG.runSuitesLocally(TestNG.java:1137)
at org.testng.TestNG.runSuites(TestNG.java:1049)
at org.testng.TestNG.run(TestNG.java:1017)
at org.testng.remote.AbstractRemoteTestNG.run(AbstractRemoteTestNG.java:114)
at org.testng.remote.RemoteTestNG.initAndRun(RemoteTestNG.java:251)
at org.testng.remote.RemoteTestNG.main(RemoteTestNG.java:77)
]]>
    </failure>
  </testcase> <!-- d_InactivateRoute -->
  <testcase name="e_ActivateRoute" time="5.278" classname="tests.TestRouteFeatures"/>
  <testcase name="f_DeleteRoute" time="4.836" classname="tests.TestRouteFeatures"/>
  <testcase name="c_EditRoute" classname="tests.TestRouteFeatures">
    <skipped/>
  </testcase> <!-- c_EditRoute -->
  <testcase name="a_AddRoute" classname="tests.TestRouteFeatures">
    <skipped/>
  </testcase> <!-- a_AddRoute -->
  <testcase name="b_AddRoute" classname="tests.TestRouteFeatures">
    <skipped/>
  </testcase> <!-- b_AddRoute -->
</testsuite> <!-- tests.TestRouteFeatures -->
